SampleProjects/PhysicaloidTest/build/outputs/logs/manifest-merger-release-report.txt
-- Merging decision tree log ---
provider#android.support.v4.content.FileProvider
INJECTED from SampleProjects\PhysicaloidTest\AndroidManifest.xml:27:10-35:21
	android:grantUriPermissions
		ADDED from SampleProjects\PhysicaloidTest\AndroidManifest.xml:31:14-48
	android:authorities
		INJECTED from SampleProjects\PhysicaloidTest\AndroidManifest.xml
		ADDED from SampleProjects\PhysicaloidTest\AndroidManifest.xml:29:14-61
	android:exported
		ADDED from SampleProjects\PhysicaloidTest\AndroidManifest.xml:30:14-38
	android:name
		ADDED from SampleProjects\PhysicaloidTest\AndroidManifest.xml:28:14-68
manifest
ADDED from SampleProjects\PhysicaloidTest\AndroidManifest.xml:2:1-146:13
INJECTED from SampleProjects\PhysicaloidTest\AndroidManifest.xml:2:1-146:13
INJECTED from SampleProjects\PhysicaloidTest\AndroidManifest.xml:2:1-146:13
MERGED from [:PhysicaloidLibrary] AndroidManifest.xml:2:1-11:12
MERGED from [com.akexorcist:bluetoothspp:1.0.0] AndroidManifest.xml:2:1-14:12
MERGED from [com.android.support:appcompat-v7:28.0.0] AndroidManifest.xml:17:1-22:12
MERGED from [com.android.support.constraint:constraint-layout:1.1.3] AndroidManifest.xml:2:1-11:12
MERGED from [com.android.support:support-fragment:28.0.0] AndroidManifest.xml:17:1-22:12
MERGED from [com.android.support:animated-vector-drawable:28.0.0] AndroidManifest.xml:17:1-22:12
MERGED from [com.android.support:support-core-ui:28.0.0] AndroidManifest.xml:17:1-22:12
MERGED from [com.android.support:support-core-utils:28.0.0] AndroidManifest.xml:17:1-22:12
MERGED from [com.android.support:support-vector-drawable:28.0.0] AndroidManifest.xml:17:1-22:12
MERGED from [com.android.support:loader:28.0.0] AndroidManifest.xml:17:1-22:12
MERGED from [com.android.support:viewpager:28.0.0] AndroidManifest.xml:17:1-22:12
MERGED from [com.android.support:coordinatorlayout:28.0.0] AndroidManifest.xml:17:1-22:12
MERGED from [com.android.support:drawerlayout:28.0.0] AndroidManifest.xml:17:1-22:12
MERGED from [com.android.support:slidingpanelayout:28.0.0] AndroidManifest.xml:17:1-22:12
MERGED from [com.android.support:customview:28.0.0] AndroidManifest.xml:17:1-22:12
MERGED from [com.android.support:swiperefreshlayout:28.0.0] AndroidManifest.xml:17:1-22:12
MERGED from [com.android.support:asynclayoutinflater:28.0.0] AndroidManifest.xml:17:1-22:12
MERGED from [com.android.support:support-compat:28.0.0] AndroidManifest.xml:17:1-24:12
MERGED from [com.android.support:versionedparcelable:28.0.0] AndroidManifest.xml:17:1-25:12
MERGED from [com.android.support:cursoradapter:28.0.0] AndroidManifest.xml:17:1-22:12
MERGED from [android.arch.lifecycle:runtime:1.1.1] AndroidManifest.xml:17:1-22:12
MERGED from [com.android.support:documentfile:28.0.0] AndroidManifest.xml:17:1-22:12
MERGED from [com.android.support:localbroadcastmanager:28.0.0] AndroidManifest.xml:17:1-22:12
MERGED from [com.android.support:print:28.0.0] AndroidManifest.xml:17:1-22:12
MERGED from [android.arch.lifecycle:viewmodel:1.1.1] AndroidManifest.xml:17:1-22:12
MERGED from [android.arch.lifecycle:livedata:1.1.1] AndroidManifest.xml:17:1-22:12
MERGED from [android.arch.lifecycle:livedata-core:1.1.1] AndroidManifest.xml:17:1-22:12
MERGED from [android.arch.core:runtime:1.1.1] AndroidManifest.xml:17:1-22:12
MERGED from [com.android.support:interpolator:28.0.0] AndroidManifest.xml:17:1-22:12
INJECTED from SampleProjects\PhysicaloidTest\AndroidManifest.xml:2:1-146:13
INJECTED from SampleProjects\PhysicaloidTest\AndroidManifest.xml:2:1-146:13
	package
		ADDED from SampleProjects\PhysicaloidTest\AndroidManifest.xml:4:5-35
	android:versionName
		ADDED from SampleProjects\PhysicaloidTest\AndroidManifest.xml:6:5-30
		INJECTED from SampleProjects\PhysicaloidTest\AndroidManifest.xml
		INJECTED from SampleProjects\PhysicaloidTest\AndroidManifest.xml
	xmlns:tools
		ADDED from SampleProjects\PhysicaloidTest\AndroidManifest.xml:3:5-51
	xmlns:android
		ADDED from SampleProjects\PhysicaloidTest\AndroidManifest.xml:2:11-69
	android:versionCode
		ADDED from SampleProjects\PhysicaloidTest\AndroidManifest.xml:5:5-28
		INJECTED from SampleProjects\PhysicaloidTest\AndroidManifest.xml
		INJECTED from SampleProjects\PhysicaloidTest\AndroidManifest.xml
uses-feature#android.hardware.screen.portrait
ADDED from SampleProjects\PhysicaloidTest\AndroidManifest.xml:9:5-69
	android:name
		ADDED from SampleProjects\PhysicaloidTest\AndroidManifest.xml:9:19-66
uses-permission#android.permission.READ_PHONE_STATE
ADDED from SampleProjects\PhysicaloidTest\AndroidManifest.xml:11:4-73
	android:name
		ADDED from SampleProjects\PhysicaloidTest\AndroidManifest.xml:11:21-71
uses-feature#android.hardware.usb.host
ADDED from SampleProjects\PhysicaloidTest\AndroidManifest.xml:13:6-63
	android:name
		ADDED from SampleProjects\PhysicaloidTest\AndroidManifest.xml:13:20-60
uses-permission#android.permission.INTERNET
ADDED from SampleProjects\PhysicaloidTest\AndroidManifest.xml:14:5-66
	android:name
		ADDED from SampleProjects\PhysicaloidTest\AndroidManifest.xml:14:22-64
uses-permission#android.permission.WRITE_EXTERNAL_STORAGE
ADDED from SampleProjects\PhysicaloidTest\AndroidManifest.xml:15:5-81
	android:name
		ADDED from SampleProjects\PhysicaloidTest\AndroidManifest.xml:15:22-78
application
ADDED from SampleProjects\PhysicaloidTest\AndroidManifest.xml:21:6-144:20
MERGED from [com.akexorcist:bluetoothspp:1.0.0] AndroidManifest.xml:10:5-12:19
MERGED from [com.akexorcist:bluetoothspp:1.0.0] AndroidManifest.xml:10:5-12:19
MERGED from [com.android.support.constraint:constraint-layout:1.1.3] AndroidManifest.xml:9:5-20
MERGED from [com.android.support.constraint:constraint-layout:1.1.3] AndroidManifest.xml:9:5-20
MERGED from [com.android.support:support-compat:28.0.0] AndroidManifest.xml:22:5-94
MERGED from [com.android.support:support-compat:28.0.0] AndroidManifest.xml:22:5-94
MERGED from [com.android.support:versionedparcelable:28.0.0] AndroidManifest.xml:22:5-23:19
MERGED from [com.android.support:versionedparcelable:28.0.0] AndroidManifest.xml:22:5-23:19
	android:appComponentFactory
		ADDED from [com.android.support:support-compat:28.0.0] AndroidManifest.xml:22:18-91
	android:label
		ADDED from SampleProjects\PhysicaloidTest\AndroidManifest.xml:24:10-42
	android:icon
		ADDED from SampleProjects\PhysicaloidTest\AndroidManifest.xml:23:10-44
	android:allowBackup
		ADDED from SampleProjects\PhysicaloidTest\AndroidManifest.xml:22:10-36
	android:theme
		ADDED from SampleProjects\PhysicaloidTest\AndroidManifest.xml:25:10-41
activity#com.example.physicaloidtest.PhysicaloidTestActivity
ADDED from SampleProjects\PhysicaloidTest\AndroidManifest.xml:36:10-41:21
	android:label
		ADDED from SampleProjects\PhysicaloidTest\AndroidManifest.xml:38:14-46
	android:name
		ADDED from SampleProjects\PhysicaloidTest\AndroidManifest.xml:37:14-80
activity#com.minimakerlabrobo.voice.MainActivity
ADDED from SampleProjects\PhysicaloidTest\AndroidManifest.xml:44:10-51:21
	android:screenOrientation
		ADDED from SampleProjects\PhysicaloidTest\AndroidManifest.xml:48:14-50
	android:label
		ADDED from SampleProjects\PhysicaloidTest\AndroidManifest.xml:46:14-46
	android:configChanges
		ADDED from SampleProjects\PhysicaloidTest\AndroidManifest.xml:47:14-49
	android:name
		ADDED from SampleProjects\PhysicaloidTest\AndroidManifest.xml:45:14-68
activity#com.minimakerlabrobo.mmlbox.ProtoboardMMLBoxActivity
ADDED from SampleProjects\PhysicaloidTest\AndroidManifest.xml:53:10-59:21
	android:screenOrientation
		ADDED from SampleProjects\PhysicaloidTest\AndroidManifest.xml:57:14-50
	android:label
		ADDED from SampleProjects\PhysicaloidTest\AndroidManifest.xml:55:14-46
	android:configChanges
		ADDED from SampleProjects\PhysicaloidTest\AndroidManifest.xml:56:14-49
	android:name
		ADDED from SampleProjects\PhysicaloidTest\AndroidManifest.xml:54:14-81
activity#com.minimakerlabrobo.MainActivity
ADDED from SampleProjects\PhysicaloidTest\AndroidManifest.xml:62:10-74:21
	android:screenOrientation
		ADDED from SampleProjects\PhysicaloidTest\AndroidManifest.xml:66:14-50
	android:label
		ADDED from SampleProjects\PhysicaloidTest\AndroidManifest.xml:64:14-46
	android:configChanges
		ADDED from SampleProjects\PhysicaloidTest\AndroidManifest.xml:65:14-49
	android:name
		ADDED from SampleProjects\PhysicaloidTest\AndroidManifest.xml:63:14-62
intent-filter#action:name:android.intent.action.MAIN+category:name:android.intent.category.LAUNCHER
ADDED from SampleProjects\PhysicaloidTest\AndroidManifest.xml:67:14-71:30
action#android.intent.action.MAIN
ADDED from SampleProjects\PhysicaloidTest\AndroidManifest.xml:68:18-70
	android:name
		ADDED from SampleProjects\PhysicaloidTest\AndroidManifest.xml:68:26-67
category#android.intent.category.LAUNCHER
ADDED from SampleProjects\PhysicaloidTest\AndroidManifest.xml:70:18-78
	android:name
		ADDED from SampleProjects\PhysicaloidTest\AndroidManifest.xml:70:28-75
activity#com.minimakerlabrobo.arduino.ProtoboardArduinoActivity
ADDED from SampleProjects\PhysicaloidTest\AndroidManifest.xml:76:10-82:21
	android:screenOrientation
		ADDED from SampleProjects\PhysicaloidTest\AndroidManifest.xml:80:14-50
	android:label
		ADDED from SampleProjects\PhysicaloidTest\AndroidManifest.xml:78:14-46
	android:configChanges
		ADDED from SampleProjects\PhysicaloidTest\AndroidManifest.xml:79:14-49
	android:name
		ADDED from SampleProjects\PhysicaloidTest\AndroidManifest.xml:77:14-83
activity#com.minimakerlabrobo.serial.BlinkLedActivity
ADDED from SampleProjects\PhysicaloidTest\AndroidManifest.xml:84:10-90:21
	android:screenOrientation
		ADDED from SampleProjects\PhysicaloidTest\AndroidManifest.xml:88:14-50
	android:label
		ADDED from SampleProjects\PhysicaloidTest\AndroidManifest.xml:86:14-46
	android:configChanges
		ADDED from SampleProjects\PhysicaloidTest\AndroidManifest.xml:87:14-49
	android:name
		ADDED from SampleProjects\PhysicaloidTest\AndroidManifest.xml:85:14-73
activity#com.minimakerlabrobo.serial.TurnONActivity
ADDED from SampleProjects\PhysicaloidTest\AndroidManifest.xml:91:10-97:21
	android:screenOrientation
		ADDED from SampleProjects\PhysicaloidTest\AndroidManifest.xml:95:14-50
	android:label
		ADDED from SampleProjects\PhysicaloidTest\AndroidManifest.xml:93:14-46
	android:configChanges
		ADDED from SampleProjects\PhysicaloidTest\AndroidManifest.xml:94:14-49
	android:name
		ADDED from SampleProjects\PhysicaloidTest\AndroidManifest.xml:92:14-71
activity#com.minimakerlabrobo.bluetooth.MainActivity
ADDED from SampleProjects\PhysicaloidTest\AndroidManifest.xml:99:10-105:21
	android:screenOrientation
		ADDED from SampleProjects\PhysicaloidTest\AndroidManifest.xml:103:14-50
	android:label
		ADDED from SampleProjects\PhysicaloidTest\AndroidManifest.xml:101:14-46
	android:configChanges
		ADDED from SampleProjects\PhysicaloidTest\AndroidManifest.xml:102:14-49
	android:name
		ADDED from SampleProjects\PhysicaloidTest\AndroidManifest.xml:100:14-72
activity#com.minimakerlabrobo.SplashScreenActivity
ADDED from SampleProjects\PhysicaloidTest\AndroidManifest.xml:107:10-116:21
	android:screenOrientation
		ADDED from SampleProjects\PhysicaloidTest\AndroidManifest.xml:112:14-50
	android:label
		ADDED from SampleProjects\PhysicaloidTest\AndroidManifest.xml:111:14-46
	android:configChanges
		ADDED from SampleProjects\PhysicaloidTest\AndroidManifest.xml:111:48-83
	android:name
		ADDED from SampleProjects\PhysicaloidTest\AndroidManifest.xml:110:14-70
activity#com.minimakerlabrobo.ProtoboardActivity
ADDED from SampleProjects\PhysicaloidTest\AndroidManifest.xml:118:10-124:21
	android:screenOrientation
		ADDED from SampleProjects\PhysicaloidTest\AndroidManifest.xml:122:14-50
	android:label
		ADDED from SampleProjects\PhysicaloidTest\AndroidManifest.xml:120:14-46
	android:configChanges
		ADDED from SampleProjects\PhysicaloidTest\AndroidManifest.xml:121:14-49
	android:name
		ADDED from SampleProjects\PhysicaloidTest\AndroidManifest.xml:119:14-68
activity#com.minimakerlabrobo.UploadHexActivity
ADDED from SampleProjects\PhysicaloidTest\AndroidManifest.xml:126:10-132:21
	android:screenOrientation
		ADDED from SampleProjects\PhysicaloidTest\AndroidManifest.xml:130:14-50
	android:label
		ADDED from SampleProjects\PhysicaloidTest\AndroidManifest.xml:128:14-46
	android:configChanges
		ADDED from SampleProjects\PhysicaloidTest\AndroidManifest.xml:129:14-49
	android:name
		ADDED from SampleProjects\PhysicaloidTest\AndroidManifest.xml:127:14-67
activity#com.minimakerlabrobo.CodeArduinoActivity
ADDED from SampleProjects\PhysicaloidTest\AndroidManifest.xml:134:10-140:21
	android:screenOrientation
		ADDED from SampleProjects\PhysicaloidTest\AndroidManifest.xml:138:14-50
	android:label
		ADDED from SampleProjects\PhysicaloidTest\AndroidManifest.xml:136:14-46
	android:configChanges
		ADDED from SampleProjects\PhysicaloidTest\AndroidManifest.xml:137:14-49
	android:name
		ADDED from SampleProjects\PhysicaloidTest\AndroidManifest.xml:135:14-69
uses-sdk
INJECTED from SampleProjects\PhysicaloidTest\AndroidManifest.xml reason: use-sdk injection requested
INJECTED from SampleProjects\PhysicaloidTest\AndroidManifest.xml
INJECTED from SampleProjects\PhysicaloidTest\AndroidManifest.xml
MERGED from [:PhysicaloidLibrary] AndroidManifest.xml:7:5-9:41
MERGED from [:PhysicaloidLibrary] AndroidManifest.xml:7:5-9:41
MERGED from [com.android.support:appcompat-v7:28.0.0] AndroidManifest.xml:20:5-44
MERGED from [com.android.support:appcompat-v7:28.0.0] AndroidManifest.xml:20:5-44
MERGED from [com.android.support.constraint:constraint-layout:1.1.3] AndroidManifest.xml:5:5-7:41
MERGED from [com.android.support.constraint:constraint-layout:1.1.3] AndroidManifest.xml:5:5-7:41
MERGED from [com.android.support:support-fragment:28.0.0] AndroidManifest.xml:20:5-44
MERGED from [com.android.support:support-fragment:28.0.0] AndroidManifest.xml:20:5-44
MERGED from [com.android.support:animated-vector-drawable:28.0.0] AndroidManifest.xml:20:5-44
MERGED from [com.android.support:animated-vector-drawable:28.0.0] AndroidManifest.xml:20:5-44
MERGED from [com.android.support:support-core-ui:28.0.0] AndroidManifest.xml:20:5-44
MERGED from [com.android.support:support-core-ui:28.0.0] AndroidManifest.xml:20:5-44
MERGED from [com.android.support:support-core-utils:28.0.0] AndroidManifest.xml:20:5-44
MERGED from [com.android.support:support-core-utils:28.0.0] AndroidManifest.xml:20:5-44
MERGED from [com.android.support:support-vector-drawable:28.0.0] AndroidManifest.xml:20:5-44
MERGED from [com.android.support:support-vector-drawable:28.0.0] AndroidManifest.xml:20:5-44
MERGED from [com.android.support:loader:28.0.0] AndroidManifest.xml:20:5-44
MERGED from [com.android.support:loader:28.0.0] AndroidManifest.xml:20:5-44
MERGED from [com.android.support:viewpager:28.0.0] AndroidManifest.xml:20:5-44
MERGED from [com.android.support:viewpager:28.0.0] AndroidManifest.xml:20:5-44
MERGED from [com.android.support:coordinatorlayout:28.0.0] AndroidManifest.xml:20:5-44
MERGED from [com.android.support:coordinatorlayout:28.0.0] AndroidManifest.xml:20:5-44
MERGED from [com.android.support:drawerlayout:28.0.0] AndroidManifest.xml:20:5-44
MERGED from [com.android.support:drawerlayout:28.0.0] AndroidManifest.xml:20:5-44
MERGED from [com.android.support:slidingpanelayout:28.0.0] AndroidManifest.xml:20:5-44
MERGED from [com.android.support:slidingpanelayout:28.0.0] AndroidManifest.xml:20:5-44
MERGED from [com.android.support:customview:28.0.0] AndroidManifest.xml:20:5-44
MERGED from [com.android.support:customview:28.0.0] AndroidManifest.xml:20:5-44
MERGED from [com.android.support:swiperefreshlayout:28.0.0] AndroidManifest.xml:20:5-44
MERGED from [com.android.support:swiperefreshlayout:28.0.0] AndroidManifest.xml:20:5-44
MERGED from [com.android.support:asynclayoutinflater:28.0.0] AndroidManifest.xml:20:5-44
MERGED from [com.android.support:asynclayoutinflater:28.0.0] AndroidManifest.xml:20:5-44
MERGED from [com.android.support:support-compat:28.0.0] AndroidManifest.xml:20:5-44
MERGED from [com.android.support:support-compat:28.0.0] AndroidManifest.xml:20:5-44
MERGED from [com.android.support:versionedparcelable:28.0.0] AndroidManifest.xml:20:5-44
MERGED from [com.android.support:versionedparcelable:28.0.0] AndroidManifest.xml:20:5-44
MERGED from [com.android.support:cursoradapter:28.0.0] AndroidManifest.xml:20:5-44
MERGED from [com.android.support:cursoradapter:28.0.0] AndroidManifest.xml:20:5-44
MERGED from [android.arch.lifecycle:runtime:1.1.1] AndroidManifest.xml:20:5-44
MERGED from [android.arch.lifecycle:runtime:1.1.1] AndroidManifest.xml:20:5-44
MERGED from [com.android.support:documentfile:28.0.0] AndroidManifest.xml:20:5-44
MERGED from [com.android.support:documentfile:28.0.0] AndroidManifest.xml:20:5-44
MERGED from [com.android.support:localbroadcastmanager:28.0.0] AndroidManifest.xml:20:5-44
MERGED from [com.android.support:localbroadcastmanager:28.0.0] AndroidManifest.xml:20:5-44
MERGED from [com.android.support:print:28.0.0] AndroidManifest.xml:20:5-44
MERGED from [com.android.support:print:28.0.0] AndroidManifest.xml:20:5-44
MERGED from [android.arch.lifecycle:viewmodel:1.1.1] AndroidManifest.xml:20:5-44
MERGED from [android.arch.lifecycle:viewmodel:1.1.1] AndroidManifest.xml:20:5-44
MERGED from [android.arch.lifecycle:livedata:1.1.1] AndroidManifest.xml:20:5-44
MERGED from [android.arch.lifecycle:livedata:1.1.1] AndroidManifest.xml:20:5-44
MERGED from [android.arch.lifecycle:livedata-core:1.1.1] AndroidManifest.xml:20:5-44
MERGED from [android.arch.lifecycle:livedata-core:1.1.1] AndroidManifest.xml:20:5-44
MERGED from [android.arch.core:runtime:1.1.1] AndroidManifest.xml:20:5-44
MERGED from [android.arch.core:runtime:1.1.1] AndroidManifest.xml:20:5-44
MERGED from [com.android.support:interpolator:28.0.0] AndroidManifest.xml:20:5-44
MERGED from [com.android.support:interpolator:28.0.0] AndroidManifest.xml:20:5-44
INJECTED from SampleProjects\PhysicaloidTest\AndroidManifest.xml
INJECTED from SampleProjects\PhysicaloidTest\AndroidManifest.xml
	android:targetSdkVersion
		INJECTED from SampleProjects\PhysicaloidTest\AndroidManifest.xml
		ADDED from SampleProjects\PhysicaloidTest\AndroidManifest.xml
		INJECTED from SampleProjects\PhysicaloidTest\AndroidManifest.xml
	android:minSdkVersion
		INJECTED from SampleProjects\PhysicaloidTest\AndroidManifest.xml
		ADDED from SampleProjects\PhysicaloidTest\AndroidManifest.xml
		INJECTED from SampleProjects\PhysicaloidTest\AndroidManifest.xml
meta-data#android.support.FILE_PROVIDER_PATHS
ADDED from SampleProjects\PhysicaloidTest\AndroidManifest.xml:32:14-34:58
	android:resource
		ADDED from SampleProjects\PhysicaloidTest\AndroidManifest.xml:34:18-56
	android:name
		ADDED from SampleProjects\PhysicaloidTest\AndroidManifest.xml:33:18-68
uses-permission#android.permission.BLUETOOTH
ADDED from [com.akexorcist:bluetoothspp:1.0.0] AndroidManifest.xml:7:5-68
	android:name
		ADDED from [com.akexorcist:bluetoothspp:1.0.0] AndroidManifest.xml:7:22-65
uses-permission#android.permission.BLUETOOTH_ADMIN
ADDED from [com.akexorcist:bluetoothspp:1.0.0] AndroidManifest.xml:8:5-74
	android:name
		ADDED from [com.akexorcist:bluetoothspp:1.0.0] AndroidManifest.xml:8:22-71
activity#app.akexorcist.bluetotohspp.library.DeviceList
ADDED from [com.akexorcist:bluetoothspp:1.0.0] AndroidManifest.xml:11:9-83
	android:name
		ADDED from [com.akexorcist:bluetoothspp:1.0.0] AndroidManifest.xml:11:19-80
uses-permission#android.permission.READ_EXTERNAL_STORAGE
IMPLIED from SampleProjects\PhysicaloidTest\AndroidManifest.xml:2:1-146:13 reason: app.akexorcist.bluetotohspp.library requested WRITE_EXTERNAL_STORAGE